<?xml version="1.0" encoding="UTF-8"?>
<!-- Generated by org.testng.reporters.JUnitReportReporter -->
<testsuite skipped="0" hostname="MSPS-AUTO-041" name="testCases.BasicTestCase" tests="3" failures="0" timestamp="2020-01-09T16:32:01 IST" time="94.681" errors="0">
  <testcase name="f1" time="30.938" classname="testCases.BasicTestCase"/>
  <testcase name="f2" time="33.105" classname="testCases.BasicTestCase"/>
  <testcase name="f" time="30.638" classname="testCases.BasicTestCase"/>
</testsuite> <!-- testCases.BasicTestCase -->
