<?xml version="1.0" encoding="UTF-8"?>
<!-- Generated by org.testng.reporters.JUnitReportReporter -->
<testsuite skipped="0" hostname="MSPS-AUTO-041" name="testCases.BasicTestCase" tests="1" failures="0" timestamp="2019-12-31T16:34:34 IST" time="7.962" errors="0">
  <testcase name="f" time="7.962" classname="testCases.BasicTestCase"/>
</testsuite> <!-- testCases.BasicTestCase -->
