<?xml version="1.0" encoding="UTF-8"?>
<!-- Generated by org.testng.reporters.JUnitReportReporter -->
<testsuite skipped="0" hostname="MSPS-AUTO-041" name="testCases.BasicTestCase" tests="1" failures="0" timestamp="2019-12-23T20:07:17 IST" time="15.973" errors="0">
  <testcase name="f" time="15.973" classname="testCases.BasicTestCase"/>
</testsuite> <!-- testCases.BasicTestCase -->
